Using pre-set license
Built from '2020.3/staging' branch; Version is '2020.3.11f1 (99c7afb366b3) revision 10078127'; Using compiler version '192528614'; Build Type 'Release'
OS: 'Windows 10 Education; OS build 19043.1055; Version 2009; 64bit' Language: 'en' Physical Memory: 8033 MB
BatchMode: 1, IsHumanControllingUs: 0, StartBugReporterOnCrash: 0, Is64bit: 1, IsPro: 0

 COMMAND LINE ARGUMENTS:
C:\Program Files\Unity\Hub\Editor\2020.3.11f1\Editor\Unity.exe
-adb2
-batchMode
-noUpm
-name
AssetImportWorker0
-projectPath
D:/Unity Projects/Junior Programmer Pathway/Create with Code 1/Prototype 2
-logFile
Logs/AssetImportWorker0.log
-srvPort
49848
Successfully changed project path to: D:/Unity Projects/Junior Programmer Pathway/Create with Code 1/Prototype 2
D:/Unity Projects/Junior Programmer Pathway/Create with Code 1/Prototype 2
Using Asset Import Pipeline V2.
Refreshing native plugins compatible for Editor in 37.21 ms, found 2 plugins.
Preloading 0 native plugins for Editor in 0.00 ms.
Initialize engine version: 2020.3.11f1 (99c7afb366b3)
[Subsystems] Discovering subsystems at path C:/Program Files/Unity/Hub/Editor/2020.3.11f1/Editor/Data/Resources/UnitySubsystems
[Subsystems] Discovering subsystems at path D:/Unity Projects/Junior Programmer Pathway/Create with Code 1/Prototype 2/Assets
GfxDevice: creating device client; threaded=0
Direct3D:
    Version:  Direct3D 11.0 [level 11.1]
    Renderer: NVIDIA GeForce GTX 1050 (ID=0x1c8d)
    Vendor:   
    VRAM:     4019 MB
    Driver:   30.0.14.7111
Initialize mono
Mono path[0] = 'C:/Program Files/Unity/Hub/Editor/2020.3.11f1/Editor/Data/Managed'
Mono path[1] = 'C:/Program Files/Unity/Hub/Editor/2020.3.11f1/Editor/Data/MonoBleedingEdge/lib/mono/unityjit'
Mono config path = 'C:/Program Files/Unity/Hub/Editor/2020.3.11f1/Editor/Data/MonoBleedingEdge/etc'
Using monoOptions --debugger-agent=transport=dt_socket,embedding=1,server=y,suspend=n,address=127.0.0.1:56384
Begin MonoManager ReloadAssembly
Registering precompiled unity dll's ...
Register platform support module: C:/Program Files/Unity/Hub/Editor/2020.3.11f1/Editor/Data/PlaybackEngines/WebGLSupport/UnityEditor.WebGL.Extensions.dll
Register platform support module: C:/Program Files/Unity/Hub/Editor/2020.3.11f1/Editor/Data/PlaybackEngines/WindowsStandaloneSupport/UnityEditor.WindowsStandalone.Extensions.dll
Registered in 0.004023 seconds.
Native extension for WindowsStandalone target not found
Native extension for WebGL target not found
Refreshing native plugins compatible for Editor in 30.40 ms, found 2 plugins.
Preloading 0 native plugins for Editor in 0.00 ms.
Mono: successfully reloaded assembly
- Completed reload, in  2.338 seconds
Platform modules already initialized, skipping
Registering precompiled user dll's ...
Registered in 0.003878 seconds.
Begin MonoManager ReloadAssembly
Native extension for WindowsStandalone target not found
Native extension for WebGL target not found
Refreshing native plugins compatible for Editor in 0.33 ms, found 2 plugins.
Preloading 0 native plugins for Editor in 0.00 ms.
Mono: successfully reloaded assembly
- Completed reload, in  0.951 seconds
Platform modules already initialized, skipping
========================================================================
Worker process is ready to serve import requests
Launched and connected shader compiler UnityShaderCompiler.exe after 0.05 seconds
Refreshing native plugins compatible for Editor in 0.33 ms, found 2 plugins.
Preloading 0 native plugins for Editor in 0.00 ms.
Unloading 1483 Unused Serialized files (Serialized files now loaded: 0)
System memory in use before: 71.3 MB.
System memory in use after: 71.3 MB.

Unloading 20 unused Assets to reduce memory usage. Loaded Objects now: 1917.
Total: 1.942100 ms (FindLiveObjects: 0.160000 ms CreateObjectMapping: 0.038100 ms MarkObjects: 1.655400 ms  DeleteObjects: 0.087800 ms)

========================================================================
Received Import Request.
  path: Assets/Prefabs/Moose.prefab
  artifactKey: Guid(eee7b198025c1bc4b844738aa2098b53) Importer(815301076,1909f56bfc062723c751e8b465ee728b)
Start importing Assets/Prefabs/Moose.prefab using Guid(eee7b198025c1bc4b844738aa2098b53) Importer(815301076,1909f56bfc062723c751e8b465ee728b)  -> (artifact id: '841157c8d655fdcc767d86708e5d0f69') in 0.165208 seconds
  Import took 0.389118 seconds .

========================================================================
Received Import Request.
  Time since last request: 0.000466 seconds.
  path: Assets/Prefabs/Stag.prefab
  artifactKey: Guid(7d799d1c8196b5d43b9d20632b9fea33) Importer(815301076,1909f56bfc062723c751e8b465ee728b)
Start importing Assets/Prefabs/Stag.prefab using Guid(7d799d1c8196b5d43b9d20632b9fea33) Importer(815301076,1909f56bfc062723c751e8b465ee728b)  -> (artifact id: '1386961935340cbcb12e69e465bdd525') in 0.025694 seconds
  Import took 0.049609 seconds .

========================================================================
Received Prepare
Refreshing native plugins compatible for Editor in 5.96 ms, found 2 plugins.
Preloading 0 native plugins for Editor in 0.00 ms.
Unloading 13 Unused Serialized files (Serialized files now loaded: 0)
System memory in use before: 58.4 MB.
System memory in use after: 58.5 MB.

Unloading 15 unused Assets to reduce memory usage. Loaded Objects now: 1925.
Total: 2.873900 ms (FindLiveObjects: 0.149600 ms CreateObjectMapping: 0.054500 ms MarkObjects: 2.549600 ms  DeleteObjects: 0.118200 ms)

========================================================================
Received Import Request.
  Time since last request: 21.227317 seconds.
  path: Assets/Prefabs/Steak.prefab
  artifactKey: Guid(59c5906c8e6eaa44b9bb14d91e7a2dda) Importer(815301076,1909f56bfc062723c751e8b465ee728b)
Start importing Assets/Prefabs/Steak.prefab using Guid(59c5906c8e6eaa44b9bb14d91e7a2dda) Importer(815301076,1909f56bfc062723c751e8b465ee728b)  -> (artifact id: 'ef521d63ab7fbd56343dcb28bfe722a7') in 0.028368 seconds
  Import took 0.051119 seconds .

========================================================================
Received Import Request.
  Time since last request: 1.703417 seconds.
  path: Assets/Prefabs/Steak.prefab
  artifactKey: Guid(59c5906c8e6eaa44b9bb14d91e7a2dda) Importer(815301076,1909f56bfc062723c751e8b465ee728b)
Start importing Assets/Prefabs/Steak.prefab using Guid(59c5906c8e6eaa44b9bb14d91e7a2dda) Importer(815301076,1909f56bfc062723c751e8b465ee728b)  -> (artifact id: '7ca0c93fa7d4e8069be0712c43914c3a') in 0.008056 seconds
  Import took 0.011976 seconds .

========================================================================
Received Import Request.
  Time since last request: 0.914094 seconds.
  path: Assets/Prefabs/Steak.prefab
  artifactKey: Guid(59c5906c8e6eaa44b9bb14d91e7a2dda) Importer(815301076,1909f56bfc062723c751e8b465ee728b)
Start importing Assets/Prefabs/Steak.prefab using Guid(59c5906c8e6eaa44b9bb14d91e7a2dda) Importer(815301076,1909f56bfc062723c751e8b465ee728b)  -> (artifact id: 'd2f4a4c26310aeb1e65d012282185ea0') in 0.009478 seconds
  Import took 0.102463 seconds .

========================================================================
Received Prepare
Registering precompiled user dll's ...
Registered in 0.003168 seconds.
Begin MonoManager ReloadAssembly
Native extension for WindowsStandalone target not found
Native extension for WebGL target not found
Refreshing native plugins compatible for Editor in 0.37 ms, found 2 plugins.
Preloading 0 native plugins for Editor in 0.00 ms.
Mono: successfully reloaded assembly
- Completed reload, in  0.954 seconds
Platform modules already initialized, skipping
Refreshing native plugins compatible for Editor in 0.32 ms, found 2 plugins.
Preloading 0 native plugins for Editor in 0.00 ms.
Unloading 1465 Unused Serialized files (Serialized files now loaded: 0)
System memory in use before: 86.7 MB.
System memory in use after: 86.8 MB.

Unloading 15 unused Assets to reduce memory usage. Loaded Objects now: 1928.
Total: 1.887800 ms (FindLiveObjects: 0.121300 ms CreateObjectMapping: 0.036900 ms MarkObjects: 1.666200 ms  DeleteObjects: 0.062600 ms)

========================================================================
Received Prepare
Registering precompiled user dll's ...
Registered in 0.003050 seconds.
Begin MonoManager ReloadAssembly
Native extension for WindowsStandalone target not found
Native extension for WebGL target not found
Refreshing native plugins compatible for Editor in 0.32 ms, found 2 plugins.
Preloading 0 native plugins for Editor in 0.00 ms.
Mono: successfully reloaded assembly
- Completed reload, in  0.927 seconds
Platform modules already initialized, skipping
Refreshing native plugins compatible for Editor in 0.33 ms, found 2 plugins.
Preloading 0 native plugins for Editor in 0.00 ms.
Unloading 1465 Unused Serialized files (Serialized files now loaded: 0)
System memory in use before: 86.8 MB.
System memory in use after: 86.9 MB.

Unloading 15 unused Assets to reduce memory usage. Loaded Objects now: 1931.
Total: 2.125800 ms (FindLiveObjects: 0.152900 ms CreateObjectMapping: 0.043200 ms MarkObjects: 1.861500 ms  DeleteObjects: 0.067300 ms)

========================================================================
Received Prepare
Registering precompiled user dll's ...
Registered in 0.003080 seconds.
Begin MonoManager ReloadAssembly
Native extension for WindowsStandalone target not found
Native extension for WebGL target not found
Refreshing native plugins compatible for Editor in 0.32 ms, found 2 plugins.
Preloading 0 native plugins for Editor in 0.00 ms.
Mono: successfully reloaded assembly
- Completed reload, in  0.872 seconds
Platform modules already initialized, skipping
Refreshing native plugins compatible for Editor in 0.38 ms, found 2 plugins.
Preloading 0 native plugins for Editor in 0.00 ms.
Unloading 1465 Unused Serialized files (Serialized files now loaded: 0)
System memory in use before: 86.8 MB.
System memory in use after: 86.9 MB.

Unloading 15 unused Assets to reduce memory usage. Loaded Objects now: 1934.
Total: 2.108800 ms (FindLiveObjects: 0.148200 ms CreateObjectMapping: 0.038800 ms MarkObjects: 1.860100 ms  DeleteObjects: 0.061000 ms)

========================================================================
Received Prepare
Registering precompiled user dll's ...
Registered in 0.004540 seconds.
Begin MonoManager ReloadAssembly
Native extension for WindowsStandalone target not found
Native extension for WebGL target not found
Refreshing native plugins compatible for Editor in 0.33 ms, found 2 plugins.
Preloading 0 native plugins for Editor in 0.00 ms.
Mono: successfully reloaded assembly
- Completed reload, in  0.861 seconds
Platform modules already initialized, skipping
Refreshing native plugins compatible for Editor in 0.33 ms, found 2 plugins.
Preloading 0 native plugins for Editor in 0.00 ms.
Unloading 1465 Unused Serialized files (Serialized files now loaded: 0)
System memory in use before: 86.8 MB.
System memory in use after: 86.9 MB.

Unloading 15 unused Assets to reduce memory usage. Loaded Objects now: 1937.
Total: 2.007900 ms (FindLiveObjects: 0.149700 ms CreateObjectMapping: 0.037700 ms MarkObjects: 1.760400 ms  DeleteObjects: 0.059100 ms)

========================================================================
Received Prepare
Registering precompiled user dll's ...
Registered in 0.004045 seconds.
Begin MonoManager ReloadAssembly
Native extension for WindowsStandalone target not found
Native extension for WebGL target not found
Refreshing native plugins compatible for Editor in 0.37 ms, found 2 plugins.
Preloading 0 native plugins for Editor in 0.00 ms.
Mono: successfully reloaded assembly
- Completed reload, in  0.968 seconds
Platform modules already initialized, skipping
Refreshing native plugins compatible for Editor in 0.36 ms, found 2 plugins.
Preloading 0 native plugins for Editor in 0.00 ms.
Unloading 1465 Unused Serialized files (Serialized files now loaded: 0)
System memory in use before: 86.8 MB.
System memory in use after: 86.9 MB.

Unloading 15 unused Assets to reduce memory usage. Loaded Objects now: 1940.
Total: 2.057600 ms (FindLiveObjects: 0.133000 ms CreateObjectMapping: 0.042100 ms MarkObjects: 1.817600 ms  DeleteObjects: 0.063500 ms)

========================================================================
Received Prepare
Registering precompiled user dll's ...
Registered in 0.003888 seconds.
Begin MonoManager ReloadAssembly
Native extension for WindowsStandalone target not found
Native extension for WebGL target not found
Refreshing native plugins compatible for Editor in 0.35 ms, found 2 plugins.
Preloading 0 native plugins for Editor in 0.00 ms.
Mono: successfully reloaded assembly
- Completed reload, in  0.967 seconds
Platform modules already initialized, skipping
Refreshing native plugins compatible for Editor in 0.33 ms, found 2 plugins.
Preloading 0 native plugins for Editor in 0.00 ms.
Unloading 1465 Unused Serialized files (Serialized files now loaded: 0)
System memory in use before: 86.8 MB.
System memory in use after: 86.9 MB.

Unloading 15 unused Assets to reduce memory usage. Loaded Objects now: 1943.
Total: 2.066700 ms (FindLiveObjects: 0.121700 ms CreateObjectMapping: 0.037300 ms MarkObjects: 1.850700 ms  DeleteObjects: 0.056200 ms)

========================================================================
Received Prepare
Registering precompiled user dll's ...
Registered in 0.004924 seconds.
Begin MonoManager ReloadAssembly
Native extension for WindowsStandalone target not found
Native extension for WebGL target not found
Refreshing native plugins compatible for Editor in 0.33 ms, found 2 plugins.
Preloading 0 native plugins for Editor in 0.00 ms.
Mono: successfully reloaded assembly
- Completed reload, in  0.835 seconds
Platform modules already initialized, skipping
Refreshing native plugins compatible for Editor in 0.34 ms, found 2 plugins.
Preloading 0 native plugins for Editor in 0.00 ms.
Unloading 1465 Unused Serialized files (Serialized files now loaded: 0)
System memory in use before: 86.9 MB.
System memory in use after: 86.9 MB.

Unloading 15 unused Assets to reduce memory usage. Loaded Objects now: 1946.
Total: 2.005200 ms (FindLiveObjects: 0.149900 ms CreateObjectMapping: 0.040600 ms MarkObjects: 1.755700 ms  DeleteObjects: 0.058300 ms)

========================================================================
Received Prepare
Registering precompiled user dll's ...
Registered in 0.004536 seconds.
Begin MonoManager ReloadAssembly
Native extension for WindowsStandalone target not found
Native extension for WebGL target not found
Refreshing native plugins compatible for Editor in 0.57 ms, found 2 plugins.
Preloading 0 native plugins for Editor in 0.00 ms.
Mono: successfully reloaded assembly
- Completed reload, in  0.926 seconds
Platform modules already initialized, skipping
Refreshing native plugins compatible for Editor in 0.56 ms, found 2 plugins.
Preloading 0 native plugins for Editor in 0.00 ms.
Unloading 1465 Unused Serialized files (Serialized files now loaded: 0)
System memory in use before: 86.9 MB.
System memory in use after: 86.9 MB.

Unloading 15 unused Assets to reduce memory usage. Loaded Objects now: 1949.
Total: 1.888600 ms (FindLiveObjects: 0.153100 ms CreateObjectMapping: 0.042300 ms MarkObjects: 1.631600 ms  DeleteObjects: 0.060900 ms)

========================================================================
Received Prepare
Registering precompiled user dll's ...
Registered in 0.003218 seconds.
Begin MonoManager ReloadAssembly
Native extension for WindowsStandalone target not found
Native extension for WebGL target not found
Refreshing native plugins compatible for Editor in 0.32 ms, found 2 plugins.
Preloading 0 native plugins for Editor in 0.00 ms.
Mono: successfully reloaded assembly
- Completed reload, in  0.894 seconds
Platform modules already initialized, skipping
Refreshing native plugins compatible for Editor in 0.37 ms, found 2 plugins.
Preloading 0 native plugins for Editor in 0.00 ms.
Unloading 1465 Unused Serialized files (Serialized files now loaded: 0)
System memory in use before: 86.9 MB.
System memory in use after: 86.9 MB.

Unloading 15 unused Assets to reduce memory usage. Loaded Objects now: 1952.
Total: 2.203300 ms (FindLiveObjects: 0.158000 ms CreateObjectMapping: 0.044500 ms MarkObjects: 1.931100 ms  DeleteObjects: 0.068800 ms)

========================================================================
Received Prepare
Registering precompiled user dll's ...
Registered in 0.003320 seconds.
Begin MonoManager ReloadAssembly
Native extension for WindowsStandalone target not found
Native extension for WebGL target not found
Refreshing native plugins compatible for Editor in 0.64 ms, found 2 plugins.
Preloading 0 native plugins for Editor in 0.00 ms.
Mono: successfully reloaded assembly
- Completed reload, in  0.983 seconds
Platform modules already initialized, skipping
Refreshing native plugins compatible for Editor in 0.40 ms, found 2 plugins.
Preloading 0 native plugins for Editor in 0.00 ms.
Unloading 1465 Unused Serialized files (Serialized files now loaded: 0)
System memory in use before: 86.9 MB.
System memory in use after: 86.9 MB.

Unloading 15 unused Assets to reduce memory usage. Loaded Objects now: 1955.
Total: 1.771100 ms (FindLiveObjects: 0.132800 ms CreateObjectMapping: 0.040800 ms MarkObjects: 1.535300 ms  DeleteObjects: 0.061500 ms)

========================================================================
Received Prepare
Registering precompiled user dll's ...
Registered in 0.003122 seconds.
Begin MonoManager ReloadAssembly
Native extension for WindowsStandalone target not found
Native extension for WebGL target not found
Refreshing native plugins compatible for Editor in 0.34 ms, found 2 plugins.
Preloading 0 native plugins for Editor in 0.00 ms.
Mono: successfully reloaded assembly
- Completed reload, in  0.911 seconds
Platform modules already initialized, skipping
Refreshing native plugins compatible for Editor in 0.36 ms, found 2 plugins.
Preloading 0 native plugins for Editor in 0.00 ms.
Unloading 1465 Unused Serialized files (Serialized files now loaded: 0)
System memory in use before: 86.9 MB.
System memory in use after: 87.0 MB.

Unloading 15 unused Assets to reduce memory usage. Loaded Objects now: 1958.
Total: 2.053400 ms (FindLiveObjects: 0.175100 ms CreateObjectMapping: 0.049000 ms MarkObjects: 1.757600 ms  DeleteObjects: 0.070900 ms)

========================================================================
Received Prepare
Registering precompiled user dll's ...
Registered in 0.003063 seconds.
Begin MonoManager ReloadAssembly
Native extension for WindowsStandalone target not found
Native extension for WebGL target not found
Refreshing native plugins compatible for Editor in 0.31 ms, found 2 plugins.
Preloading 0 native plugins for Editor in 0.00 ms.
Mono: successfully reloaded assembly
- Completed reload, in  0.914 seconds
Platform modules already initialized, skipping
Refreshing native plugins compatible for Editor in 0.32 ms, found 2 plugins.
Preloading 0 native plugins for Editor in 0.00 ms.
Unloading 1465 Unused Serialized files (Serialized files now loaded: 0)
System memory in use before: 86.9 MB.
System memory in use after: 87.0 MB.

Unloading 15 unused Assets to reduce memory usage. Loaded Objects now: 1961.
Total: 2.089200 ms (FindLiveObjects: 0.150100 ms CreateObjectMapping: 0.038400 ms MarkObjects: 1.837400 ms  DeleteObjects: 0.062600 ms)

========================================================================
Received Import Request.
  Time since last request: 755.439629 seconds.
  path: Assets/Prefabs/Fox.prefab
  artifactKey: Guid(90b61731c46c80c418a2b76acb1a971b) Importer(815301076,1909f56bfc062723c751e8b465ee728b)
Start importing Assets/Prefabs/Fox.prefab using Guid(90b61731c46c80c418a2b76acb1a971b) Importer(815301076,1909f56bfc062723c751e8b465ee728b)  -> (artifact id: 'f374dbd19834a206d58f6bffb57c5c23') in 0.103976 seconds
  Import took 0.306246 seconds .

========================================================================
Received Import Request.
  Time since last request: 0.000447 seconds.
  path: Assets/Prefabs/Moose.prefab
  artifactKey: Guid(eee7b198025c1bc4b844738aa2098b53) Importer(815301076,1909f56bfc062723c751e8b465ee728b)
Start importing Assets/Prefabs/Moose.prefab using Guid(eee7b198025c1bc4b844738aa2098b53) Importer(815301076,1909f56bfc062723c751e8b465ee728b)  -> (artifact id: 'b9797325931f8d917296467967e74a88') in 0.018041 seconds
  Import took 0.021407 seconds .

========================================================================
Received Import Request.
  Time since last request: 0.000443 seconds.
  path: Assets/Prefabs/Stag.prefab
  artifactKey: Guid(7d799d1c8196b5d43b9d20632b9fea33) Importer(815301076,1909f56bfc062723c751e8b465ee728b)
Start importing Assets/Prefabs/Stag.prefab using Guid(7d799d1c8196b5d43b9d20632b9fea33) Importer(815301076,1909f56bfc062723c751e8b465ee728b)  -> (artifact id: '7098c6515348556ab3f393eed7ebd414') in 0.019172 seconds
  Import took 0.186366 seconds .

========================================================================
Received Import Request.
  Time since last request: 5.251503 seconds.
  path: Assets/Scripts/HungerBar.cs
  artifactKey: Guid(0bf7353cd9a465c4a8d835d7b4b86cb1) Importer(815301076,1909f56bfc062723c751e8b465ee728b)
Start importing Assets/Scripts/HungerBar.cs using Guid(0bf7353cd9a465c4a8d835d7b4b86cb1) Importer(815301076,1909f56bfc062723c751e8b465ee728b)  -> (artifact id: '016f4650d7a3b60c08787b03979f8ecc') in 0.007831 seconds
  Import took 0.011487 seconds .

========================================================================
Received Import Request.
  Time since last request: 0.020919 seconds.
  path: Assets/Scripts/HungerBar.cs
  artifactKey: Guid(0bf7353cd9a465c4a8d835d7b4b86cb1) Importer(815301076,1909f56bfc062723c751e8b465ee728b)
Start importing Assets/Scripts/HungerBar.cs using Guid(0bf7353cd9a465c4a8d835d7b4b86cb1) Importer(815301076,1909f56bfc062723c751e8b465ee728b)  -> (artifact id: '016f4650d7a3b60c08787b03979f8ecc') in 0.002187 seconds
  Import took 0.004773 seconds .

========================================================================
Received Import Request.
  Time since last request: 2.644883 seconds.
  path: Assets/Scripts/MoveForward.cs
  artifactKey: Guid(96730cf39bce03644aee430113284965) Importer(815301076,1909f56bfc062723c751e8b465ee728b)
Start importing Assets/Scripts/MoveForward.cs using Guid(96730cf39bce03644aee430113284965) Importer(815301076,1909f56bfc062723c751e8b465ee728b)  -> (artifact id: '96979423306ce013fe31d8635d0724cb') in 0.223639 seconds
  Import took 0.226695 seconds .

========================================================================
Received Import Request.
  Time since last request: 0.469728 seconds.
  path: Assets/Scripts/PlayerController.cs
  artifactKey: Guid(c318008fbe8f1da4882982eb6832adda) Importer(815301076,1909f56bfc062723c751e8b465ee728b)
Start importing Assets/Scripts/PlayerController.cs using Guid(c318008fbe8f1da4882982eb6832adda) Importer(815301076,1909f56bfc062723c751e8b465ee728b)  -> (artifact id: '6bd84309f2521a4893eb7e8482324636') in 0.002371 seconds
  Import took 0.140696 seconds .

========================================================================
Received Prepare
Registering precompiled user dll's ...
Registered in 0.003420 seconds.
Begin MonoManager ReloadAssembly
Native extension for WindowsStandalone target not found
Native extension for WebGL target not found
Refreshing native plugins compatible for Editor in 0.32 ms, found 2 plugins.
Preloading 0 native plugins for Editor in 0.00 ms.
Mono: successfully reloaded assembly
- Completed reload, in  0.938 seconds
Platform modules already initialized, skipping
Refreshing native plugins compatible for Editor in 0.39 ms, found 2 plugins.
Preloading 0 native plugins for Editor in 0.00 ms.
Unloading 1465 Unused Serialized files (Serialized files now loaded: 0)
System memory in use before: 86.9 MB.
System memory in use after: 87.0 MB.

Unloading 17 unused Assets to reduce memory usage. Loaded Objects now: 1965.
Total: 8.568900 ms (FindLiveObjects: 0.334900 ms CreateObjectMapping: 0.068600 ms MarkObjects: 8.005000 ms  DeleteObjects: 0.158900 ms)

========================================================================
Received Import Request.
  Time since last request: 21.379605 seconds.
  path: Assets/Scripts/DestroyOutOfBounds.cs
  artifactKey: Guid(ae2a7414214bde84986cfca0c88acb89) Importer(815301076,1909f56bfc062723c751e8b465ee728b)
Start importing Assets/Scripts/DestroyOutOfBounds.cs using Guid(ae2a7414214bde84986cfca0c88acb89) Importer(815301076,1909f56bfc062723c751e8b465ee728b)  -> (artifact id: 'a951533919c2bfec8679e43b2d385f22') in 0.005779 seconds
  Import took 0.031826 seconds .

========================================================================
Received Prepare
Registering precompiled user dll's ...
Registered in 0.003070 seconds.
Begin MonoManager ReloadAssembly
Native extension for WindowsStandalone target not found
Native extension for WebGL target not found
Refreshing native plugins compatible for Editor in 0.32 ms, found 2 plugins.
Preloading 0 native plugins for Editor in 0.00 ms.
Mono: successfully reloaded assembly
- Completed reload, in  0.867 seconds
Platform modules already initialized, skipping
Refreshing native plugins compatible for Editor in 0.43 ms, found 2 plugins.
Preloading 0 native plugins for Editor in 0.00 ms.
Unloading 1465 Unused Serialized files (Serialized files now loaded: 0)
System memory in use before: 86.9 MB.
System memory in use after: 87.0 MB.

Unloading 15 unused Assets to reduce memory usage. Loaded Objects now: 1968.
Total: 2.213100 ms (FindLiveObjects: 0.146200 ms CreateObjectMapping: 0.038400 ms MarkObjects: 1.936700 ms  DeleteObjects: 0.091100 ms)

========================================================================
Received Import Request.
  Time since last request: 589.524817 seconds.
  path: Assets/Audio/ChallengeMusic.ogg
  artifactKey: Guid(c0411be55fcb54e44b107e5c153f76d9) Importer(815301076,1909f56bfc062723c751e8b465ee728b)
Start importing Assets/Audio/ChallengeMusic.ogg using Guid(c0411be55fcb54e44b107e5c153f76d9) Importer(815301076,1909f56bfc062723c751e8b465ee728b)  -> (artifact id: 'f43bc1e444a0aab2df33a4a9e8c64dec') in 0.093491 seconds
  Import took 0.232505 seconds .

========================================================================
Received Import Request.
  Time since last request: 0.000466 seconds.
  path: Assets/Audio/IntroMusic.mp3
  artifactKey: Guid(ac9da0c8b7e02e34ebcb107e1c7d8644) Importer(815301076,1909f56bfc062723c751e8b465ee728b)
Start importing Assets/Audio/IntroMusic.mp3 using Guid(ac9da0c8b7e02e34ebcb107e1c7d8644) Importer(815301076,1909f56bfc062723c751e8b465ee728b)  -> (artifact id: '0a1875ecb849c802fa332b673228996a') in 0.106460 seconds
  Import took 0.217984 seconds .

========================================================================
Received Import Request.
  Time since last request: 0.000478 seconds.
  path: Assets/Audio/PrototypeMusic.mp3
  artifactKey: Guid(3841398b76fbb2742a7cd784de410b89) Importer(815301076,1909f56bfc062723c751e8b465ee728b)
Start importing Assets/Audio/PrototypeMusic.mp3 using Guid(3841398b76fbb2742a7cd784de410b89) Importer(815301076,1909f56bfc062723c751e8b465ee728b)  -> (artifact id: 'a4be74315b6d855904a3679bc11fcb06') in 0.007829 seconds
  Import took 0.033042 seconds .

========================================================================
Received Prepare
Registering precompiled user dll's ...
Registered in 0.037386 seconds.
Begin MonoManager ReloadAssembly
Native extension for WindowsStandalone target not found
Native extension for WebGL target not found
Refreshing native plugins compatible for Editor in 0.32 ms, found 2 plugins.
Preloading 0 native plugins for Editor in 0.00 ms.
Mono: successfully reloaded assembly
- Completed reload, in  0.876 seconds
Platform modules already initialized, skipping
Refreshing native plugins compatible for Editor in 0.38 ms, found 2 plugins.
Preloading 0 native plugins for Editor in 0.00 ms.
Unloading 1465 Unused Serialized files (Serialized files now loaded: 0)
System memory in use before: 87.0 MB.
System memory in use after: 87.1 MB.

Unloading 15 unused Assets to reduce memory usage. Loaded Objects now: 1974.
Total: 1.892500 ms (FindLiveObjects: 0.158400 ms CreateObjectMapping: 0.041600 ms MarkObjects: 1.630500 ms  DeleteObjects: 0.061300 ms)

========================================================================
Received Import Request.
  Time since last request: 58.525460 seconds.
  path: Assets/Challenge 2/Challenge 2.unity
  artifactKey: Guid(f695fe0c51d8449d2b49648dad174255) Importer(815301076,1909f56bfc062723c751e8b465ee728b)
Start importing Assets/Challenge 2/Challenge 2.unity using Guid(f695fe0c51d8449d2b49648dad174255) Importer(815301076,1909f56bfc062723c751e8b465ee728b)  -> (artifact id: '43b2a2f0b5663939b907956467fcf08e') in 0.011110 seconds
  Import took 0.137206 seconds .

========================================================================
Received Prepare
Registering precompiled user dll's ...
Registered in 0.003094 seconds.
Begin MonoManager ReloadAssembly
Native extension for WindowsStandalone target not found
Native extension for WebGL target not found
Refreshing native plugins compatible for Editor in 0.32 ms, found 2 plugins.
Preloading 0 native plugins for Editor in 0.00 ms.
Mono: successfully reloaded assembly
- Completed reload, in  0.850 seconds
Platform modules already initialized, skipping
Refreshing native plugins compatible for Editor in 0.32 ms, found 2 plugins.
Preloading 0 native plugins for Editor in 0.00 ms.
Unloading 1465 Unused Serialized files (Serialized files now loaded: 0)
System memory in use before: 87.0 MB.
System memory in use after: 87.1 MB.

Unloading 15 unused Assets to reduce memory usage. Loaded Objects now: 1977.
Total: 1.862000 ms (FindLiveObjects: 0.152200 ms CreateObjectMapping: 0.047300 ms MarkObjects: 1.605000 ms  DeleteObjects: 0.056800 ms)

========================================================================
Received Prepare
Registering precompiled user dll's ...
Registered in 0.003176 seconds.
Begin MonoManager ReloadAssembly
Native extension for WindowsStandalone target not found
Native extension for WebGL target not found
Refreshing native plugins compatible for Editor in 0.36 ms, found 2 plugins.
Preloading 0 native plugins for Editor in 0.00 ms.
Mono: successfully reloaded assembly
- Completed reload, in  0.859 seconds
Platform modules already initialized, skipping
Refreshing native plugins compatible for Editor in 0.33 ms, found 2 plugins.
Preloading 0 native plugins for Editor in 0.00 ms.
Unloading 1465 Unused Serialized files (Serialized files now loaded: 0)
System memory in use before: 87.0 MB.
System memory in use after: 87.1 MB.

Unloading 15 unused Assets to reduce memory usage. Loaded Objects now: 1980.
Total: 1.878400 ms (FindLiveObjects: 0.152700 ms CreateObjectMapping: 0.039700 ms MarkObjects: 1.624800 ms  DeleteObjects: 0.060500 ms)

========================================================================
Received Prepare
Refreshing native plugins compatible for Editor in 3.72 ms, found 2 plugins.
Preloading 0 native plugins for Editor in 0.00 ms.
Unloading 13 Unused Serialized files (Serialized files now loaded: 0)
System memory in use before: 57.8 MB.
System memory in use after: 57.9 MB.

Unloading 13 unused Assets to reduce memory usage. Loaded Objects now: 1980.
Total: 2.541700 ms (FindLiveObjects: 0.395400 ms CreateObjectMapping: 0.130800 ms MarkObjects: 1.937700 ms  DeleteObjects: 0.076700 ms)

========================================================================
Received Prepare
Registering precompiled user dll's ...
Registered in 0.028549 seconds.
Begin MonoManager ReloadAssembly
Native extension for WindowsStandalone target not found
Native extension for WebGL target not found
Refreshing native plugins compatible for Editor in 0.32 ms, found 2 plugins.
Preloading 0 native plugins for Editor in 0.00 ms.
Mono: successfully reloaded assembly
- Completed reload, in  1.025 seconds
Platform modules already initialized, skipping
Refreshing native plugins compatible for Editor in 0.33 ms, found 2 plugins.
Preloading 0 native plugins for Editor in 0.00 ms.
Unloading 1465 Unused Serialized files (Serialized files now loaded: 0)
System memory in use before: 87.0 MB.
System memory in use after: 87.1 MB.

Unloading 15 unused Assets to reduce memory usage. Loaded Objects now: 1983.
Total: 1.981900 ms (FindLiveObjects: 0.190700 ms CreateObjectMapping: 0.043100 ms MarkObjects: 1.667300 ms  DeleteObjects: 0.080000 ms)

========================================================================
Received Import Request.
  Time since last request: 1742.856197 seconds.
  path: Assets/Scripts/DetectCollisions.cs
  artifactKey: Guid(9b2f2d5c3ce9da84dbfdafaa2acbe68a) Importer(815301076,1909f56bfc062723c751e8b465ee728b)
Start importing Assets/Scripts/DetectCollisions.cs using Guid(9b2f2d5c3ce9da84dbfdafaa2acbe68a) Importer(815301076,1909f56bfc062723c751e8b465ee728b)  -> (artifact id: '3740d4f6ab98cf55c9b90ed403955fcd') in 0.022663 seconds
  Import took 0.100682 seconds .

